<?xml version="1.0" encoding="UTF-8"?>
<!-- Generated by org.testng.reporters.JUnitXMLReporter -->
<testsuite ignored="0" hostname="DESKTOP-8SSG3VF" failures="0" tests="4" name="Test" time="11.599" errors="0" timestamp="2025-07-02T13:18:46 IST">
  <testcase classname="tests.CheckoutTest" name="testCheckoutProcess" time="0.309"/>
  <testcase classname="tests.AddToCartTest" name="testAddItemToCart" time="0.119"/>
  <testcase classname="tests.LoginTest" name="testValidLogin" time="0.365"/>
  <testcase classname="tests.LogoutTest" name="testLogout" time="1.196"/>
</testsuite> <!-- Test -->
