<?xml version="1.0" encoding="UTF-8"?>
<testng-results ignored="0" total="4" passed="4" failed="0" skipped="0">
  <reporter-output>
  </reporter-output>
  <suite started-at="2025-07-02T13:18:34 IST" name="Suite" finished-at="2025-07-02T13:18:46 IST" duration-ms="11599">
    <groups>
    </groups>
    <test started-at="2025-07-02T13:18:34 IST" name="Test" finished-at="2025-07-02T13:18:46 IST" duration-ms="11599">
      <class name="tests.LoginTest">
        <test-method is-config="true" signature="setup()[pri:0, instance:tests.LoginTest@14028087]" started-at="2025-07-02T13:18:41 IST" name="setup" finished-at="2025-07-02T13:18:42 IST" duration-ms="1605" status="PASS">
          <reporter-output>
          </reporter-output>
        </test-method> <!-- setup -->
        <test-method signature="testValidLogin()[pri:0, instance:tests.LoginTest@14028087]" started-at="2025-07-02T13:18:42 IST" name="testValidLogin" finished-at="2025-07-02T13:18:42 IST" duration-ms="365" status="PASS">
          <reporter-output>
          </reporter-output>
        </test-method> <!-- testValidLogin -->
        <test-method is-config="true" signature="teardown()[pri:0, instance:tests.LoginTest@14028087]" started-at="2025-07-02T13:18:43 IST" name="teardown" finished-at="2025-07-02T13:18:43 IST" duration-ms="181" status="PASS">
          <reporter-output>
          </reporter-output>
        </test-method> <!-- teardown -->
      </class> <!-- tests.LoginTest -->
      <class name="tests.AddToCartTest">
        <test-method is-config="true" signature="setup()[pri:0, instance:tests.AddToCartTest@5386659f]" started-at="2025-07-02T13:18:38 IST" name="setup" finished-at="2025-07-02T13:18:40 IST" duration-ms="2268" status="PASS">
          <reporter-output>
          </reporter-output>
        </test-method> <!-- setup -->
        <test-method signature="testAddItemToCart()[pri:0, instance:tests.AddToCartTest@5386659f]" started-at="2025-07-02T13:18:40 IST" name="testAddItemToCart" finished-at="2025-07-02T13:18:40 IST" duration-ms="119" status="PASS">
          <reporter-output>
          </reporter-output>
        </test-method> <!-- testAddItemToCart -->
        <test-method is-config="true" signature="teardown()[pri:0, instance:tests.AddToCartTest@5386659f]" started-at="2025-07-02T13:18:40 IST" name="teardown" finished-at="2025-07-02T13:18:41 IST" duration-ms="156" status="PASS">
          <reporter-output>
          </reporter-output>
        </test-method> <!-- teardown -->
      </class> <!-- tests.AddToCartTest -->
      <class name="tests.CheckoutTest">
        <test-method is-config="true" signature="setup()[pri:0, instance:tests.CheckoutTest@2034b64c]" started-at="2025-07-02T13:18:34 IST" name="setup" finished-at="2025-07-02T13:18:37 IST" duration-ms="3024" status="PASS">
          <reporter-output>
          </reporter-output>
        </test-method> <!-- setup -->
        <test-method signature="testCheckoutProcess()[pri:0, instance:tests.CheckoutTest@2034b64c]" started-at="2025-07-02T13:18:37 IST" name="testCheckoutProcess" finished-at="2025-07-02T13:18:38 IST" duration-ms="309" status="PASS">
          <reporter-output>
          </reporter-output>
        </test-method> <!-- testCheckoutProcess -->
        <test-method is-config="true" signature="teardown()[pri:0, instance:tests.CheckoutTest@2034b64c]" started-at="2025-07-02T13:18:38 IST" name="teardown" finished-at="2025-07-02T13:18:38 IST" duration-ms="171" status="PASS">
          <reporter-output>
          </reporter-output>
        </test-method> <!-- teardown -->
      </class> <!-- tests.CheckoutTest -->
      <class name="tests.LogoutTest">
        <test-method is-config="true" signature="setup()[pri:0, instance:tests.LogoutTest@cecf639]" started-at="2025-07-02T13:18:43 IST" name="setup" finished-at="2025-07-02T13:18:45 IST" duration-ms="1995" status="PASS">
          <reporter-output>
          </reporter-output>
        </test-method> <!-- setup -->
        <test-method signature="testLogout()[pri:0, instance:tests.LogoutTest@cecf639]" started-at="2025-07-02T13:18:45 IST" name="testLogout" finished-at="2025-07-02T13:18:46 IST" duration-ms="1196" status="PASS">
          <reporter-output>
          </reporter-output>
        </test-method> <!-- testLogout -->
        <test-method is-config="true" signature="teardown()[pri:0, instance:tests.LogoutTest@cecf639]" started-at="2025-07-02T13:18:46 IST" name="teardown" finished-at="2025-07-02T13:18:46 IST" duration-ms="158" status="PASS">
          <reporter-output>
          </reporter-output>
        </test-method> <!-- teardown -->
      </class> <!-- tests.LogoutTest -->
    </test> <!-- Test -->
  </suite> <!-- Suite -->
</testng-results>
