<?xml version="1.0" encoding="UTF-8"?>
<testng-results ignored="0" total="1" passed="1" failed="0" skipped="0">
  <reporter-output>
  </reporter-output>
  <suite started-at="2025-07-02T10:59:53 IST" name="Default suite" finished-at="2025-07-02T10:59:55 IST" duration-ms="2419">
    <groups>
    </groups>
    <test started-at="2025-07-02T10:59:53 IST" name="Default test" finished-at="2025-07-02T10:59:55 IST" duration-ms="2419">
      <class name="LoginTest">
        <test-method is-config="true" signature="setUp()[pri:0, instance:LoginTest@16eb3ea3]" started-at="2025-07-02T10:59:53 IST" name="setUp" finished-at="2025-07-02T10:59:54 IST" duration-ms="1927" status="PASS">
          <reporter-output>
          </reporter-output>
        </test-method> <!-- setUp -->
        <test-method signature="testLoginWithValidCredentials()[pri:0, instance:LoginTest@16eb3ea3]" started-at="2025-07-02T10:59:54 IST" name="testLoginWithValidCredentials" finished-at="2025-07-02T10:59:55 IST" duration-ms="312" status="PASS">
          <reporter-output>
          </reporter-output>
        </test-method> <!-- testLoginWithValidCredentials -->
        <test-method is-config="true" signature="tearDown()[pri:0, instance:LoginTest@16eb3ea3]" started-at="2025-07-02T10:59:55 IST" name="tearDown" finished-at="2025-07-02T10:59:55 IST" duration-ms="141" status="PASS">
          <reporter-output>
          </reporter-output>
        </test-method> <!-- tearDown -->
      </class> <!-- LoginTest -->
    </test> <!-- Default test -->
  </suite> <!-- Default suite -->
</testng-results>
